09/09/2021 05:45:40 PM - INFO - 0.703s - start script: ./src/TurboPutative-2.0-built/TPWrapper.py -wd /home/rafael/CNIC/Metabolomica/heroku-web/turboputative/src/public/jobs/IBlCp -wf 1234 -i Input-1.tsv -tm Input-2.tsv
09/09/2021 05:45:40 PM - INFO - 0.705s - Start PreProcesser
09/09/2021 05:45:40 PM - INFO - MSTable was read successfully: /home/rafael/CNIC/Metabolomica/heroku-web/turboputative/src/public/jobs/IBlCp/Input-1.tsv
09/09/2021 05:45:40 PM - INFO - MSTable columns checked successfully
09/09/2021 05:45:40 PM - INFO - preProcessedTable.tsv was written successfully: /home/rafael/CNIC/Metabolomica/heroku-web/turboputative/src/public/jobs/IBlCp/preProcessedTable.tsv
09/09/2021 05:45:40 PM - INFO - Input-1 was written successfully: /home/rafael/CNIC/Metabolomica/heroku-web/turboputative/src/public/jobs/IBlCp/Input-1
09/09/2021 05:45:40 PM - INFO - TMTable was read successfully: /home/rafael/CNIC/Metabolomica/heroku-web/turboputative/src/public/jobs/IBlCp/Input-2.tsv
09/09/2021 05:45:40 PM - INFO - TM_table.tsv was written successfully: /home/rafael/CNIC/Metabolomica/heroku-web/turboputative/src/public/jobs/IBlCp/TM_table.tsv
09/09/2021 05:45:40 PM - INFO - Input-2 was written successfully: /home/rafael/CNIC/Metabolomica/heroku-web/turboputative/src/public/jobs/IBlCp/Input-2
09/09/2021 05:45:40 PM - INFO - Config file written successfully: /home/rafael/CNIC/Metabolomica/heroku-web/turboputative/src/public/jobs/IBlCp/configFile.ini
09/09/2021 05:45:40 PM - INFO - 0.921s - End PreProcesser
09/09/2021 05:45:40 PM - INFO - 0.927s - Start Tagger
09/09/2021 05:45:45 PM - INFO - 5.68s - End Tagger
09/09/2021 05:45:45 PM - INFO - 5.681s - Start REname1
09/09/2021 05:45:45 PM - INFO - 5.924s - End REname1
09/09/2021 05:45:45 PM - INFO - 5.925s - Start TPGoslin
09/09/2021 05:45:47 PM - INFO - 7.398s - End TPGoslin
09/09/2021 05:45:47 PM - INFO - 7.4s - Start REname2
09/09/2021 05:45:47 PM - INFO - 8.079s - End REname2
09/09/2021 05:45:47 PM - INFO - 8.08s - Start RowMerger
09/09/2021 05:45:47 PM - INFO - 8.115s - End RowMerger
09/09/2021 05:45:47 PM - INFO - 8.116s - Start TableMerger
09/09/2021 05:45:47 PM - INFO - 8.144s - End TableMerger
09/09/2021 05:45:47 PM - INFO - 8.144s - Start PostProcesser
09/09/2021 05:45:47 PM - INFO - Table was added: Input-1.tsv
09/09/2021 05:45:47 PM - INFO - Table was added: Input-2.tsv
09/09/2021 05:45:47 PM - INFO - Reading table: 1_Tagger.tsv
09/09/2021 05:45:47 PM - INFO - Table read
09/09/2021 05:45:47 PM - INFO - Writing table: 1_Tagger.tsv
09/09/2021 05:45:47 PM - INFO - Table written
09/09/2021 05:45:47 PM - INFO - Table was added: 1_Tagger.tsv
09/09/2021 05:45:47 PM - INFO - Reading table: 2_REname.tsv
09/09/2021 05:45:47 PM - INFO - Table read
09/09/2021 05:45:47 PM - INFO - Writing table: 2_REname.tsv
09/09/2021 05:45:47 PM - INFO - Table written
09/09/2021 05:45:47 PM - INFO - Table was added: 2_REname.tsv
09/09/2021 05:45:47 PM - INFO - Reading table: 3_RowMerger.tsv
09/09/2021 05:45:47 PM - INFO - Table read
09/09/2021 05:45:47 PM - INFO - Writing table: 3_RowMerger.tsv
09/09/2021 05:45:48 PM - INFO - Table written
09/09/2021 05:45:48 PM - INFO - Table was added: 3_RowMerger.tsv
09/09/2021 05:45:48 PM - INFO - Reading table: 4_TableMerger.tsv
09/09/2021 05:45:48 PM - INFO - Table read
09/09/2021 05:45:48 PM - INFO - Writing table: 4_TableMerger.tsv
09/09/2021 05:45:48 PM - INFO - Table written
09/09/2021 05:45:48 PM - INFO - Table was added: 4_TableMerger.tsv
09/09/2021 05:45:48 PM - INFO - Final tables were generated
09/09/2021 05:45:48 PM - INFO - Make a zip with all result files
09/09/2021 05:45:48 PM - INFO - Zip was created: TurboPutative_results.zip
09/09/2021 05:45:48 PM - INFO - 8.469s - End PostProcesser
09/09/2021 05:45:48 PM - INFO - Creating extension folder: ini
09/09/2021 05:45:48 PM - INFO - Move file to ini folder: configUser.ini
09/09/2021 05:45:48 PM - INFO - Move file to ini folder: regex.ini
09/09/2021 05:45:48 PM - INFO - Move file to ini folder: configFile.ini
09/09/2021 05:45:48 PM - INFO - Creating extension folder: tsv
09/09/2021 05:45:48 PM - INFO - Move file to tsv folder: Pre_REname_Table.tsv
09/09/2021 05:45:48 PM - INFO - Move file to tsv folder: TM_table.tsv
09/09/2021 05:45:48 PM - INFO - Move file to tsv folder: 1_Tagger.tsv
09/09/2021 05:45:48 PM - INFO - Move file to tsv folder: 2_REname.tsv
09/09/2021 05:45:48 PM - INFO - Move file to tsv folder: 3_RowMerger.tsv
09/09/2021 05:45:48 PM - INFO - Move file to tsv folder: 4_TableMerger.tsv
09/09/2021 05:45:48 PM - INFO - Move file to tsv folder: preProcessedTable.tsv
09/09/2021 05:45:48 PM - INFO - Creating extension folder: html
09/09/2021 05:45:48 PM - INFO - Move file to html folder: Input-1.html
09/09/2021 05:45:48 PM - INFO - Move file to html folder: 3-RowMerger.html
09/09/2021 05:45:48 PM - INFO - Move file to html folder: 4-TableMerger.html
09/09/2021 05:45:48 PM - INFO - Move file to html folder: 1-Tagger.html
09/09/2021 05:45:48 PM - INFO - Move file to html folder: 2-REname.html
09/09/2021 05:45:48 PM - INFO - Move file to html folder: Input-2.html
09/09/2021 05:45:48 PM - INFO - Creating extension folder: row
09/09/2021 05:45:48 PM - INFO - Move file to row folder: 3-RowMerger.row
09/09/2021 05:45:48 PM - INFO - Move file to row folder: Input-2.row
09/09/2021 05:45:48 PM - INFO - Move file to row folder: 2-REname.row
09/09/2021 05:45:48 PM - INFO - Move file to row folder: 1-Tagger.row
09/09/2021 05:45:48 PM - INFO - Move file to row folder: 4-TableMerger.row
09/09/2021 05:45:48 PM - INFO - Move file to row folder: Input-1.row
09/09/2021 05:45:48 PM - INFO - Creating extension folder: log
09/09/2021 05:45:48 PM - INFO - Move file to log folder: TPGoslin.log
09/09/2021 05:45:48 PM - INFO - 8.501s - end script
