07/08/2022 03:07:57 PM - INFO - 1.466s - start script: ./src/TurboPutative-2.0-built/TPWrapper.py -wd /home/rafael/CNIC/Metabolomics/TurboPutative-web/src/public/jobs/nzvYY -wf 123456 -i MS_experiment.xlsx -tm FeatureInfo.xlsx
07/08/2022 03:07:57 PM - INFO - 1.466s - Start PreProcesser
07/08/2022 03:07:58 PM - INFO - MSTable was read successfully: /home/rafael/CNIC/Metabolomics/TurboPutative-web/src/public/jobs/nzvYY/MS_experiment.xlsx
07/08/2022 03:07:58 PM - INFO - MSTable columns checked successfully
07/08/2022 03:07:58 PM - INFO - preProcessedTable.tsv was written successfully: /home/rafael/CNIC/Metabolomics/TurboPutative-web/src/public/jobs/nzvYY/preProcessedTable.tsv
07/08/2022 03:07:58 PM - INFO - MS_experiment was written successfully: /home/rafael/CNIC/Metabolomics/TurboPutative-web/src/public/jobs/nzvYY/MS_experiment
07/08/2022 03:07:58 PM - INFO - TMTable was read successfully: /home/rafael/CNIC/Metabolomics/TurboPutative-web/src/public/jobs/nzvYY/FeatureInfo.xlsx
07/08/2022 03:07:58 PM - INFO - TM_table.tsv was written successfully: /home/rafael/CNIC/Metabolomics/TurboPutative-web/src/public/jobs/nzvYY/TM_table.tsv
07/08/2022 03:07:58 PM - INFO - FeatureInfo was written successfully: /home/rafael/CNIC/Metabolomics/TurboPutative-web/src/public/jobs/nzvYY/FeatureInfo
07/08/2022 03:07:58 PM - INFO - Config file written successfully: /home/rafael/CNIC/Metabolomics/TurboPutative-web/src/public/jobs/nzvYY/configFile.ini
07/08/2022 03:07:58 PM - INFO - 2.638s - End PreProcesser
07/08/2022 03:07:58 PM - INFO - 2.638s - Start Tagger
07/08/2022 03:08:10 PM - INFO - 14.695s - End Tagger
07/08/2022 03:08:10 PM - INFO - 14.695s - Start REname1
07/08/2022 03:08:26 PM - INFO - 30.513s - End REname1
07/08/2022 03:08:26 PM - INFO - 30.513s - Start TPGoslin
07/08/2022 03:08:47 PM - INFO - 50.815s - End TPGoslin
07/08/2022 03:08:47 PM - INFO - 50.815s - Start REname2
07/08/2022 03:09:50 PM - INFO - 114.212s - End REname2
07/08/2022 03:09:50 PM - INFO - 114.213s - Start RowMerger
07/08/2022 03:09:50 PM - INFO - 114.288s - End RowMerger
07/08/2022 03:09:50 PM - INFO - 114.289s - Start TableMerger
07/08/2022 03:09:50 PM - INFO - 114.365s - End TableMerger
07/08/2022 03:09:50 PM - INFO - 114.366s - Start TPMetrics
07/08/2022 03:09:50 PM - INFO - Initializing TPMetrics object
07/08/2022 03:09:50 PM - INFO - TPMetrics object initialized
07/08/2022 03:09:50 PM - INFO - Identify associated annotations based on Molecular Weight
07/08/2022 03:09:51 PM - INFO - Identify associated annotations based on TP_Class
07/08/2022 03:09:52 PM - INFO - Calculating correlations under the null hypothesis
07/08/2022 03:09:53 PM - INFO - Calculating score based on maximum correlation: TP_max_corr1_score
07/08/2022 03:09:54 PM - INFO - Calculating score based on maximum correlation: TP_max_corr2_score
07/08/2022 03:09:54 PM - INFO - Calculating score based on sum of all correlations
07/08/2022 03:09:54 PM - INFO - Calculating score based on sum of all correlations
07/08/2022 03:09:54 PM - INFO - Combining scores based on maximum and addition of correlations
07/08/2022 03:09:54 PM - INFO - Identify group of annotations providing the maximum score
07/08/2022 03:09:54 PM - INFO - Identify group of annotations providing the maximum score
07/08/2022 03:09:54 PM - INFO - Calculate final score and apply error penalty
07/08/2022 03:09:54 PM - INFO - Writing output file: /home/rafael/CNIC/Metabolomics/TurboPutative-web/src/public/jobs/nzvYY/4_TPMetrics.tsv
07/08/2022 03:09:54 PM - INFO - 118.693s - End TPMetrics
07/08/2022 03:09:54 PM - INFO - 118.693s - Start TPFilter
07/08/2022 03:09:54 PM - INFO - Filtering table
07/08/2022 03:09:54 PM - INFO - Writing output file: /home/rafael/CNIC/Metabolomics/TurboPutative-web/src/public/jobs/nzvYY/4_TPFilter.tsv
07/08/2022 03:09:54 PM - INFO - 118.72s - End TPFilter
07/08/2022 03:09:54 PM - INFO - 118.72s - Start PostProcesser
07/08/2022 03:09:54 PM - INFO - Table was added: MS_experiment.xlsx
07/08/2022 03:09:54 PM - INFO - Table was added: FeatureInfo.xlsx
07/08/2022 03:09:54 PM - INFO - Reading table: 1_Tagger.tsv
07/08/2022 03:09:55 PM - INFO - Table read
07/08/2022 03:09:55 PM - INFO - Writing table: 1_Tagger.tsv
07/08/2022 03:09:55 PM - INFO - Table written
07/08/2022 03:09:55 PM - INFO - Table was added: 1_Tagger.tsv
07/08/2022 03:09:55 PM - INFO - Reading table: 2_REname.tsv
07/08/2022 03:09:55 PM - INFO - Table read
07/08/2022 03:09:55 PM - INFO - Writing table: 2_REname.tsv
07/08/2022 03:09:55 PM - INFO - Table written
07/08/2022 03:09:55 PM - INFO - Table was added: 2_REname.tsv
07/08/2022 03:09:55 PM - INFO - Reading table: 3_RowMerger.tsv
07/08/2022 03:09:55 PM - INFO - Table read
07/08/2022 03:09:55 PM - INFO - Writing table: 3_RowMerger.tsv
07/08/2022 03:09:55 PM - INFO - Table written
07/08/2022 03:09:55 PM - INFO - Table was added: 3_RowMerger.tsv
07/08/2022 03:09:55 PM - INFO - Reading table: 4_TPMetrics.tsv
07/08/2022 03:09:55 PM - INFO - Table read
07/08/2022 03:09:55 PM - INFO - Writing table: 4_TPMetrics.tsv
07/08/2022 03:09:55 PM - INFO - Table written
07/08/2022 03:09:55 PM - INFO - Table was added: 4_TPMetrics.tsv
07/08/2022 03:09:55 PM - INFO - Reading table: 4_TPFilter.tsv
07/08/2022 03:09:55 PM - INFO - Table read
07/08/2022 03:09:55 PM - INFO - Writing table: 4_TPFilter.tsv
07/08/2022 03:09:55 PM - INFO - Table written
07/08/2022 03:09:55 PM - INFO - Table was added: 4_TPFilter.tsv
07/08/2022 03:09:55 PM - INFO - Final tables were generated
07/08/2022 03:09:55 PM - INFO - Make a zip with all result files
07/08/2022 03:09:55 PM - INFO - Zip was created: TurboPutative_results.zip
07/08/2022 03:09:55 PM - INFO - 119.067s - End PostProcesser
07/08/2022 03:09:55 PM - INFO - Creating extension folder: ini
07/08/2022 03:09:55 PM - INFO - Move file to ini folder: regex.ini
07/08/2022 03:09:55 PM - INFO - Move file to ini folder: configUser.ini
07/08/2022 03:09:55 PM - INFO - Move file to ini folder: configFile.ini
07/08/2022 03:09:55 PM - INFO - Creating extension folder: tsv
07/08/2022 03:09:55 PM - INFO - Move file to tsv folder: 2_REname.tsv
07/08/2022 03:09:55 PM - INFO - Move file to tsv folder: 4_TPFilter.tsv
07/08/2022 03:09:55 PM - INFO - Move file to tsv folder: 3_RowMerger.tsv
07/08/2022 03:09:55 PM - INFO - Move file to tsv folder: 1_Tagger.tsv
07/08/2022 03:09:55 PM - INFO - Move file to tsv folder: 4_TPMetrics.tsv
07/08/2022 03:09:55 PM - INFO - Move file to tsv folder: 4_TableMerger.tsv
07/08/2022 03:09:55 PM - INFO - Move file to tsv folder: TM_table.tsv
07/08/2022 03:09:55 PM - INFO - Move file to tsv folder: preProcessedTable.tsv
07/08/2022 03:09:55 PM - INFO - Move file to tsv folder: Pre_REname_Table.tsv
07/08/2022 03:09:55 PM - INFO - Creating extension folder: html
07/08/2022 03:09:55 PM - INFO - Move file to html folder: 3_RowMerger_MS_experiment.html
07/08/2022 03:09:55 PM - INFO - Move file to html folder: FeatureInfo.html
07/08/2022 03:09:55 PM - INFO - Move file to html folder: 2_REname_MS_experiment.html
07/08/2022 03:09:55 PM - INFO - Move file to html folder: 4_TPFilter_MS_experiment.html
07/08/2022 03:09:55 PM - INFO - Move file to html folder: 1_Tagger_MS_experiment.html
07/08/2022 03:09:55 PM - INFO - Move file to html folder: MS_experiment.html
07/08/2022 03:09:55 PM - INFO - Move file to html folder: 4_TPMetrics_MS_experiment.html
07/08/2022 03:09:55 PM - INFO - Creating extension folder: row
07/08/2022 03:09:55 PM - INFO - Move file to row folder: 4_TPFilter_MS_experiment.row
07/08/2022 03:09:55 PM - INFO - Move file to row folder: 4_TPMetrics_MS_experiment.row
07/08/2022 03:09:55 PM - INFO - Move file to row folder: 1_Tagger_MS_experiment.row
07/08/2022 03:09:55 PM - INFO - Move file to row folder: MS_experiment.row
07/08/2022 03:09:55 PM - INFO - Move file to row folder: 2_REname_MS_experiment.row
07/08/2022 03:09:55 PM - INFO - Move file to row folder: FeatureInfo.row
07/08/2022 03:09:55 PM - INFO - Move file to row folder: 3_RowMerger_MS_experiment.row
07/08/2022 03:09:55 PM - INFO - Creating extension folder: json
07/08/2022 03:09:55 PM - INFO - Move file to json folder: type2basename.json
07/08/2022 03:09:55 PM - INFO - Creating extension folder: log
07/08/2022 03:09:55 PM - INFO - Move file to log folder: TPGoslin.log
07/08/2022 03:09:55 PM - INFO - 119.086s - end script
