2023-09-28 15:28:12,397 - ERROR - Dependent variable columns was not found.
2023-09-28 15:32:07,113 - INFO - Reading json dataframe
2023-09-28 15:32:07,248 - INFO - Building model: x ~ ID+feature+g
2023-09-28 15:34:44,936 - INFO - ANOVA results table:
                sum_sq       df         F    PR(>F)
ID            0.691854     17.0  0.039266  0.961495
feature      24.053238   2934.0  0.007910  1.000000
g             0.081395      2.0  0.039266  0.961495
Residual  51695.990809  49878.0       NaN       NaN
2023-09-28 15:38:12,293 - INFO - Reading json dataframe
2023-09-28 15:38:12,420 - INFO - Building model: x ~ ID+feature+g
2023-09-28 15:39:58,484 - INFO - Calculating type II ANOVA
2023-09-28 15:41:33,295 - INFO - ANOVA results table:
               df        sum_sq    mean_sq          F        PR(>F)
ID           17.0    284.879896  16.757641  16.168326  2.364282e-48
feature    2934.0     24.047444   0.008196   0.007908  1.000000e+00
g             2.0      0.081395   0.040697   0.039266  9.614949e-01
Residual  49878.0  51695.990809   1.036449        NaN           NaN
2023-09-28 15:42:38,889 - INFO - Reading json dataframe
2023-09-28 15:42:38,905 - INFO - Building model: x ~ ID+feature+g
2023-09-28 15:42:39,132 - INFO - Calculating type II ANOVA
2023-09-28 15:42:39,193 - INFO - ANOVA results table:
               sum_sq      df         F    PR(>F)
ID           8.380317    17.0  0.591567  0.553509
feature      0.847713   231.0  0.004404  1.000000
g            0.985800     2.0  0.591495  0.553548
Residual  3272.416938  3927.0       NaN       NaN
2023-09-28 15:42:52,849 - INFO - Reading json dataframe
2023-09-28 15:42:52,867 - INFO - Building model: x ~ ID+feature+g
2023-09-28 15:42:53,123 - INFO - Calculating type II ANOVA
2023-09-28 15:42:53,243 - INFO - ANOVA results table:
              df       sum_sq    mean_sq          F         PR(>F)
ID          17.0   873.652973  51.391351  61.671187  5.089120e-187
feature    231.0     0.805226   0.003486   0.004183   1.000000e+00
g            2.0     0.985800   0.492900   0.591495   5.535485e-01
Residual  3927.0  3272.416938   0.833312        NaN            NaN
2023-09-28 15:43:18,525 - INFO - Reading json dataframe
2023-09-28 15:43:18,556 - INFO - Building model: x ~ ID+feature+g
2023-09-28 15:43:18,797 - INFO - Calculating type II ANOVA
2023-09-28 15:43:18,922 - INFO - ANOVA results table:
              df       sum_sq    mean_sq          F         PR(>F)
ID          17.0   873.652973  51.391351  61.694835  4.352385e-187
feature    231.0     0.805226   0.003486   0.004185   1.000000e+00
g            1.0     0.110007   0.110007   0.132062   7.163228e-01
Residual  3927.0  3271.162607   0.832993        NaN            NaN
2023-09-28 15:43:37,001 - INFO - Reading json dataframe
2023-09-28 15:43:37,018 - INFO - Building model: x ~ ID+feature+g
2023-09-28 15:43:37,269 - INFO - Calculating type II ANOVA
2023-09-28 15:43:37,346 - INFO - ANOVA results table:
               sum_sq      df         F    PR(>F)
ID           1.874311    17.0  0.132358  0.716019
feature      0.810600   231.0  0.004213  1.000000
g            0.110007     1.0  0.132062  0.716323
Residual  3271.162607  3927.0       NaN       NaN
