** Start script: Wed Sep 29 11:38:42 2021

** compound.txt and compound_index.txt were read
** Applying Goslin
** Error with compound: chola-4,6-dien-24-oic acid
** Lipid not found
** Error with compound: PGF2a diethyl amide
** Lipid not found
** Error with compound: Paullinic acid
** Lipid not found
** Error with compound: PAF C-16
** Lipid not found
** Error with compound: FAHFA(22:3-(2-O-17:0)) 2-DTRAHHDA
** Lipid not found
** FAHFA(22:3-(2-O-17:0)) 2-DTRAHHDAwas manually parsed to FAHFA(39:3)
** Error with compound: FAHFA(22:3-(3-O-17:0)) 3-DTRAHHDA
** Lipid not found
** FAHFA(22:3-(3-O-17:0)) 3-DTRAHHDAwas manually parsed to FAHFA(39:3)
** Error with compound: FAHFA(22:3-(4-O-17:0)) 4-DTRAHHDA
** Lipid not found
** FAHFA(22:3-(4-O-17:0)) 4-DTRAHHDAwas manually parsed to FAHFA(39:3)
** Error with compound: FAHFA(22:3-(5-O-17:0)) 5-DTRAHHDA
** Lipid not found
** FAHFA(22:3-(5-O-17:0)) 5-DTRAHHDAwas manually parsed to FAHFA(39:3)
** Error with compound: FAHFA(22:3-(6-O-17:0)) 6-DTRAHHDA
** Lipid not found
** FAHFA(22:3-(6-O-17:0)) 6-DTRAHHDAwas manually parsed to FAHFA(39:3)
** Error with compound: FAHFA(22:3-(7-O-17:0)) 7-DTRAHHDA
** Lipid not found
** FAHFA(22:3-(7-O-17:0)) 7-DTRAHHDAwas manually parsed to FAHFA(39:3)
** Error with compound: FAHFA(22:3-(8-O-17:0)) 8-DTRAHHDA
** Lipid not found
** FAHFA(22:3-(8-O-17:0)) 8-DTRAHHDAwas manually parsed to FAHFA(39:3)
** Error with compound: FAHFA(22:3-(9-O-17:0)) 9-DTRAHHDA
** Lipid not found
** FAHFA(22:3-(9-O-17:0)) 9-DTRAHHDAwas manually parsed to FAHFA(39:3)
** Error with compound: FAHFA(22:3-(10-O-17:0)) 10-DTRAHHDA
** Lipid not found
** FAHFA(22:3-(10-O-17:0)) 10-DTRAHHDAwas manually parsed to FAHFA(39:3)
** Error with compound: FAHFA(22:3-(11-O-17:0)) 11-DTRAHHDA
** Lipid not found
** FAHFA(22:3-(11-O-17:0)) 11-DTRAHHDAwas manually parsed to FAHFA(39:3)
** Error with compound: FAHFA(22:3-(12-O-17:0)) 12-DTRAHHDA
** Lipid not found
** FAHFA(22:3-(12-O-17:0)) 12-DTRAHHDAwas manually parsed to FAHFA(39:3)
** Error with compound: FAHFA(22:3-(13-O-17:0)) 13-DTRAHHDA
** Lipid not found
** FAHFA(22:3-(13-O-17:0)) 13-DTRAHHDAwas manually parsed to FAHFA(39:3)
** Error with compound: FAHFA(22:3-(14-O-17:0)) 14-DTRAHHDA
** Lipid not found
** FAHFA(22:3-(14-O-17:0)) 14-DTRAHHDAwas manually parsed to FAHFA(39:3)
** Error with compound: FAHFA(22:3-(15-O-17:0)) 15-DTRAHHDA
** Lipid not found
** FAHFA(22:3-(15-O-17:0)) 15-DTRAHHDAwas manually parsed to FAHFA(39:3)
** Error with compound: FAHFA(22:3-(16-O-17:0)) 16-DTRAHHDA
** Lipid not found
** FAHFA(22:3-(16-O-17:0)) 16-DTRAHHDAwas manually parsed to FAHFA(39:3)
** Error with compound: FAHFA(24:3-(2-O-15:0)) 2-TTRAHPDA
** Lipid not found
** FAHFA(24:3-(2-O-15:0)) 2-TTRAHPDAwas manually parsed to FAHFA(39:3)
** Error with compound: FAHFA(24:3-(3-O-15:0)) 3-TTRAHPDA
** Lipid not found
** FAHFA(24:3-(3-O-15:0)) 3-TTRAHPDAwas manually parsed to FAHFA(39:3)
** Error with compound: FAHFA(24:3-(4-O-15:0)) 4-TTRAHPDA
** Lipid not found
** FAHFA(24:3-(4-O-15:0)) 4-TTRAHPDAwas manually parsed to FAHFA(39:3)
** Error with compound: FAHFA(24:3-(5-O-15:0)) 5-TTRAHPDA
** Lipid not found
** FAHFA(24:3-(5-O-15:0)) 5-TTRAHPDAwas manually parsed to FAHFA(39:3)
** Error with compound: FAHFA(24:3-(6-O-15:0)) 6-TTRAHPDA
** Lipid not found
** FAHFA(24:3-(6-O-15:0)) 6-TTRAHPDAwas manually parsed to FAHFA(39:3)
** Error with compound: FAHFA(24:3-(7-O-15:0)) 7-TTRAHPDA
** Lipid not found
** FAHFA(24:3-(7-O-15:0)) 7-TTRAHPDAwas manually parsed to FAHFA(39:3)
** Error with compound: FAHFA(24:3-(8-O-15:0)) 8-TTRAHPDA
** Lipid not found
** FAHFA(24:3-(8-O-15:0)) 8-TTRAHPDAwas manually parsed to FAHFA(39:3)
** Error with compound: FAHFA(24:3-(9-O-15:0)) 9-TTRAHPDA
** Lipid not found
** FAHFA(24:3-(9-O-15:0)) 9-TTRAHPDAwas manually parsed to FAHFA(39:3)
** Error with compound: FAHFA(24:3-(10-O-15:0)) 10-TTRAHPDA
** Lipid not found
** FAHFA(24:3-(10-O-15:0)) 10-TTRAHPDAwas manually parsed to FAHFA(39:3)
** Error with compound: FAHFA(24:3-(11-O-15:0)) 11-TTRAHPDA
** Lipid not found
** FAHFA(24:3-(11-O-15:0)) 11-TTRAHPDAwas manually parsed to FAHFA(39:3)
** Error with compound: FAHFA(24:3-(12-O-15:0)) 12-TTRAHPDA
** Lipid not found
** FAHFA(24:3-(12-O-15:0)) 12-TTRAHPDAwas manually parsed to FAHFA(39:3)
** Error with compound: FAHFA(24:3-(13-O-15:0)) 13-TTRAHPDA
** Lipid not found
** FAHFA(24:3-(13-O-15:0)) 13-TTRAHPDAwas manually parsed to FAHFA(39:3)
** Error with compound: FAHFA(24:3-(14-O-15:0)) 14-TTRAHPDA
** Lipid not found
** FAHFA(24:3-(14-O-15:0)) 14-TTRAHPDAwas manually parsed to FAHFA(39:3)
** Error with compound: FAHFA(17:0-(2-O-20:0)) 2-HDAHAA
** Lipid not found
** FAHFA(17:0-(2-O-20:0)) 2-HDAHAAwas manually parsed to FAHFA(37:0)
** Error with compound: FAHFA(17:0-(3-O-20:0)) 3-HDAHAA
** Lipid not found
** FAHFA(17:0-(3-O-20:0)) 3-HDAHAAwas manually parsed to FAHFA(37:0)
** Error with compound: FAHFA(17:0-(4-O-20:0)) 4-HDAHAA
** Lipid not found
** FAHFA(17:0-(4-O-20:0)) 4-HDAHAAwas manually parsed to FAHFA(37:0)
** Error with compound: FAHFA(17:0-(5-O-20:0)) 5-HDAHAA
** Lipid not found
** FAHFA(17:0-(5-O-20:0)) 5-HDAHAAwas manually parsed to FAHFA(37:0)
** Error with compound: FAHFA(17:0-(6-O-20:0)) 6-HDAHAA
** Lipid not found
** FAHFA(17:0-(6-O-20:0)) 6-HDAHAAwas manually parsed to FAHFA(37:0)
** Error with compound: FAHFA(17:0-(7-O-20:0)) 7-HDAHAA
** Lipid not found
** FAHFA(17:0-(7-O-20:0)) 7-HDAHAAwas manually parsed to FAHFA(37:0)
** Error with compound: FAHFA(17:0-(8-O-20:0)) 8-HDAHAA
** Lipid not found
** FAHFA(17:0-(8-O-20:0)) 8-HDAHAAwas manually parsed to FAHFA(37:0)
** Error with compound: FAHFA(17:0-(9-O-20:0)) 9-HDAHAA
** Lipid not found
** FAHFA(17:0-(9-O-20:0)) 9-HDAHAAwas manually parsed to FAHFA(37:0)
** Error with compound: FAHFA(17:0-(10-O-20:0)) 10-HDAHAA
** Lipid not found
** FAHFA(17:0-(10-O-20:0)) 10-HDAHAAwas manually parsed to FAHFA(37:0)
** Error with compound: FAHFA(17:0-(11-O-20:0)) 11-HDAHAA
** Lipid not found
** FAHFA(17:0-(11-O-20:0)) 11-HDAHAAwas manually parsed to FAHFA(37:0)
** Error with compound: FAHFA(17:0-(12-O-20:0)) 12-HDAHAA
** Lipid not found
** FAHFA(17:0-(12-O-20:0)) 12-HDAHAAwas manually parsed to FAHFA(37:0)
** Error with compound: FAHFA(17:0-(13-O-20:0)) 13-HDAHAA
** Lipid not found
** FAHFA(17:0-(13-O-20:0)) 13-HDAHAAwas manually parsed to FAHFA(37:0)
** Error with compound: FAHFA(17:0-(14-O-20:0)) 14-HDAHAA
** Lipid not found
** FAHFA(17:0-(14-O-20:0)) 14-HDAHAAwas manually parsed to FAHFA(37:0)
** Error with compound: FAHFA(17:0-(15-O-20:0)) 15-HDAHAA
** Lipid not found
** FAHFA(17:0-(15-O-20:0)) 15-HDAHAAwas manually parsed to FAHFA(37:0)
** Error with compound: FAHFA(17:0-(16-O-20:0)) 16-HDAHAA
** Lipid not found
** FAHFA(17:0-(16-O-20:0)) 16-HDAHAAwas manually parsed to FAHFA(37:0)
** Error with compound: FAHFA(17:0-(17-O-20:0)) 17-HDAHAA
** Lipid not found
** FAHFA(17:0-(17-O-20:0)) 17-HDAHAAwas manually parsed to FAHFA(37:0)
** Error with compound: FAHFA(17:0-(18-O-20:0)) 18-HDAHAA
** Lipid not found
** FAHFA(17:0-(18-O-20:0)) 18-HDAHAAwas manually parsed to FAHFA(37:0)
** Error with compound: FAHFA(17:0-(19-O-20:0)) 19-HDAHAA
** Lipid not found
** FAHFA(17:0-(19-O-20:0)) 19-HDAHAAwas manually parsed to FAHFA(37:0)
** Error with compound: FAHFA(15:0-(2-O-22:0)) 2-PDAHBA
** Lipid not found
** FAHFA(15:0-(2-O-22:0)) 2-PDAHBAwas manually parsed to FAHFA(37:0)
** Error with compound: FAHFA(15:0-(3-O-22:0)) 3-PDAHBA
** Lipid not found
** FAHFA(15:0-(3-O-22:0)) 3-PDAHBAwas manually parsed to FAHFA(37:0)
** Error with compound: FAHFA(15:0-(4-O-22:0)) 4-PDAHBA
** Lipid not found
** FAHFA(15:0-(4-O-22:0)) 4-PDAHBAwas manually parsed to FAHFA(37:0)
** Error with compound: FAHFA(15:0-(5-O-22:0)) 5-PDAHBA
** Lipid not found
** FAHFA(15:0-(5-O-22:0)) 5-PDAHBAwas manually parsed to FAHFA(37:0)
** Error with compound: FAHFA(15:0-(6-O-22:0)) 6-PDAHBA
** Lipid not found
** FAHFA(15:0-(6-O-22:0)) 6-PDAHBAwas manually parsed to FAHFA(37:0)
** Error with compound: FAHFA(15:0-(7-O-22:0)) 7-PDAHBA
** Lipid not found
** FAHFA(15:0-(7-O-22:0)) 7-PDAHBAwas manually parsed to FAHFA(37:0)
** Error with compound: FAHFA(15:0-(8-O-22:0)) 8-PDAHBA
** Lipid not found
** FAHFA(15:0-(8-O-22:0)) 8-PDAHBAwas manually parsed to FAHFA(37:0)
** Error with compound: FAHFA(15:0-(9-O-22:0)) 9-PDAHBA
** Lipid not found
** FAHFA(15:0-(9-O-22:0)) 9-PDAHBAwas manually parsed to FAHFA(37:0)
** Error with compound: FAHFA(15:0-(10-O-22:0)) 10-PDAHBA
** Lipid not found
** FAHFA(15:0-(10-O-22:0)) 10-PDAHBAwas manually parsed to FAHFA(37:0)
** Error with compound: FAHFA(15:0-(11-O-22:0)) 11-PDAHBA
** Lipid not found
** FAHFA(15:0-(11-O-22:0)) 11-PDAHBAwas manually parsed to FAHFA(37:0)
** Error with compound: FAHFA(15:0-(12-O-22:0)) 12-PDAHBA
** Lipid not found
** FAHFA(15:0-(12-O-22:0)) 12-PDAHBAwas manually parsed to FAHFA(37:0)
** Error with compound: FAHFA(15:0-(13-O-22:0)) 13-PDAHBA
** Lipid not found
** FAHFA(15:0-(13-O-22:0)) 13-PDAHBAwas manually parsed to FAHFA(37:0)
** Error with compound: FAHFA(15:0-(14-O-22:0)) 14-PDAHBA
** Lipid not found
** FAHFA(15:0-(14-O-22:0)) 14-PDAHBAwas manually parsed to FAHFA(37:0)
** Error with compound: FAHFA(15:0-(15-O-22:0)) 15-PDAHBA
** Lipid not found
** FAHFA(15:0-(15-O-22:0)) 15-PDAHBAwas manually parsed to FAHFA(37:0)
** Error with compound: FAHFA(15:0-(16-O-22:0)) 16-PDAHBA
** Lipid not found
** FAHFA(15:0-(16-O-22:0)) 16-PDAHBAwas manually parsed to FAHFA(37:0)
** Error with compound: FAHFA(22:0-(2-O-15:0)) 2-BAHPDA
** Lipid not found
** FAHFA(22:0-(2-O-15:0)) 2-BAHPDAwas manually parsed to FAHFA(37:0)
** Error with compound: FAHFA(15:0-(17-O-22:0)) 17-PDAHBA
** Lipid not found
** FAHFA(15:0-(17-O-22:0)) 17-PDAHBAwas manually parsed to FAHFA(37:0)
** Error with compound: FAHFA(22:0-(3-O-15:0)) 3-BAHPDA
** Lipid not found
** FAHFA(22:0-(3-O-15:0)) 3-BAHPDAwas manually parsed to FAHFA(37:0)
** Error with compound: FAHFA(15:0-(18-O-22:0)) 18-PDAHBA
** Lipid not found
** FAHFA(15:0-(18-O-22:0)) 18-PDAHBAwas manually parsed to FAHFA(37:0)
** Error with compound: FAHFA(22:0-(4-O-15:0)) 4-BAHPDA
** Lipid not found
** FAHFA(22:0-(4-O-15:0)) 4-BAHPDAwas manually parsed to FAHFA(37:0)
** Error with compound: FAHFA(15:0-(19-O-22:0)) 19-PDAHBA
** Lipid not found
** FAHFA(15:0-(19-O-22:0)) 19-PDAHBAwas manually parsed to FAHFA(37:0)
** Error with compound: FAHFA(22:0-(5-O-15:0)) 5-BAHPDA
** Lipid not found
** FAHFA(22:0-(5-O-15:0)) 5-BAHPDAwas manually parsed to FAHFA(37:0)
** Error with compound: FAHFA(15:0-(20-O-22:0)) 20-PDAHBA
** Lipid not found
** FAHFA(15:0-(20-O-22:0)) 20-PDAHBAwas manually parsed to FAHFA(37:0)
** Error with compound: FAHFA(22:0-(6-O-15:0)) 6-BAHPDA
** Lipid not found
** FAHFA(22:0-(6-O-15:0)) 6-BAHPDAwas manually parsed to FAHFA(37:0)
** Error with compound: FAHFA(15:0-(21-O-22:0)) 21-PDAHBA
** Lipid not found
** FAHFA(15:0-(21-O-22:0)) 21-PDAHBAwas manually parsed to FAHFA(37:0)
** Error with compound: FAHFA(22:0-(7-O-15:0)) 7-BAHPDA
** Lipid not found
** FAHFA(22:0-(7-O-15:0)) 7-BAHPDAwas manually parsed to FAHFA(37:0)
** Error with compound: FAHFA(22:0-(8-O-15:0)) 8-BAHPDA
** Lipid not found
** FAHFA(22:0-(8-O-15:0)) 8-BAHPDAwas manually parsed to FAHFA(37:0)
** Error with compound: FAHFA(22:0-(9-O-15:0)) 9-BAHPDA
** Lipid not found
** FAHFA(22:0-(9-O-15:0)) 9-BAHPDAwas manually parsed to FAHFA(37:0)
** Error with compound: FAHFA(22:0-(10-O-15:0)) 10-BAHPDA
** Lipid not found
** FAHFA(22:0-(10-O-15:0)) 10-BAHPDAwas manually parsed to FAHFA(37:0)
** Error with compound: FAHFA(22:0-(11-O-15:0)) 11-BAHPDA
** Lipid not found
** FAHFA(22:0-(11-O-15:0)) 11-BAHPDAwas manually parsed to FAHFA(37:0)
** Error with compound: FAHFA(22:0-(12-O-15:0)) 12-BAHPDA
** Lipid not found
** FAHFA(22:0-(12-O-15:0)) 12-BAHPDAwas manually parsed to FAHFA(37:0)
** Error with compound: FAHFA(22:0-(13-O-15:0)) 13-BAHPDA
** Lipid not found
** FAHFA(22:0-(13-O-15:0)) 13-BAHPDAwas manually parsed to FAHFA(37:0)
** Error with compound: FAHFA(22:0-(14-O-15:0)) 14-BAHPDA
** Lipid not found
** FAHFA(22:0-(14-O-15:0)) 14-BAHPDAwas manually parsed to FAHFA(37:0)
** Error with compound: FAHFA(20:0-(2-O-17:0)) 2-AAHHDA
** Lipid not found
** FAHFA(20:0-(2-O-17:0)) 2-AAHHDAwas manually parsed to FAHFA(37:0)
** Error with compound: FAHFA(20:0-(3-O-17:0)) 3-AAHHDA
** Lipid not found
** FAHFA(20:0-(3-O-17:0)) 3-AAHHDAwas manually parsed to FAHFA(37:0)
** Error with compound: FAHFA(20:0-(4-O-17:0)) 4-AAHHDA
** Lipid not found
** FAHFA(20:0-(4-O-17:0)) 4-AAHHDAwas manually parsed to FAHFA(37:0)
** Error with compound: FAHFA(20:0-(5-O-17:0)) 5-AAHHDA
** Lipid not found
** FAHFA(20:0-(5-O-17:0)) 5-AAHHDAwas manually parsed to FAHFA(37:0)
** Error with compound: FAHFA(20:0-(6-O-17:0)) 6-AAHHDA
** Lipid not found
** FAHFA(20:0-(6-O-17:0)) 6-AAHHDAwas manually parsed to FAHFA(37:0)
** Error with compound: FAHFA(20:0-(7-O-17:0)) 7-AAHHDA
** Lipid not found
** FAHFA(20:0-(7-O-17:0)) 7-AAHHDAwas manually parsed to FAHFA(37:0)
** Error with compound: FAHFA(20:0-(8-O-17:0)) 8-AAHHDA
** Lipid not found
** FAHFA(20:0-(8-O-17:0)) 8-AAHHDAwas manually parsed to FAHFA(37:0)
** Error with compound: FAHFA(20:0-(9-O-17:0)) 9-AAHHDA
** Lipid not found
** FAHFA(20:0-(9-O-17:0)) 9-AAHHDAwas manually parsed to FAHFA(37:0)
** Error with compound: FAHFA(20:0-(10-O-17:0)) 10-AAHHDA
** Lipid not found
** FAHFA(20:0-(10-O-17:0)) 10-AAHHDAwas manually parsed to FAHFA(37:0)
** Error with compound: FAHFA(20:0-(11-O-17:0)) 11-AAHHDA
** Lipid not found
** FAHFA(20:0-(11-O-17:0)) 11-AAHHDAwas manually parsed to FAHFA(37:0)
** Error with compound: FAHFA(20:0-(12-O-17:0)) 12-AAHHDA
** Lipid not found
** FAHFA(20:0-(12-O-17:0)) 12-AAHHDAwas manually parsed to FAHFA(37:0)
** Error with compound: FAHFA(20:0-(13-O-17:0)) 13-AAHHDA
** Lipid not found
** FAHFA(20:0-(13-O-17:0)) 13-AAHHDAwas manually parsed to FAHFA(37:0)
** Error with compound: FAHFA(20:0-(14-O-17:0)) 14-AAHHDA
** Lipid not found
** FAHFA(20:0-(14-O-17:0)) 14-AAHHDAwas manually parsed to FAHFA(37:0)
** Error with compound: FAHFA(20:0-(15-O-17:0)) 15-AAHHDA
** Lipid not found
** FAHFA(20:0-(15-O-17:0)) 15-AAHHDAwas manually parsed to FAHFA(37:0)
** Error with compound: FAHFA(20:0-(16-O-17:0)) 16-AAHHDA
** Lipid not found
** FAHFA(20:0-(16-O-17:0)) 16-AAHHDAwas manually parsed to FAHFA(37:0)
** Error with compound: Palmitoleyl arachidate
** Lipid not found
** Error with compound: Stearyl oleate
** Lipid not found
** End script: Wed Sep 29 11:38:44 2021

