2023-10-11 20:16:13,736 - INFO - Start main
2023-10-11 20:16:13,736 - INFO - Reading tables...
2023-10-11 20:16:13,739 - INFO - index file read: /home/rbarreror/projects/TurboPutative-web/src/TurboOmicsIntegrator/jobs/123456/EDA/xPreProcessing/index.json
2023-10-11 20:16:13,740 - INFO - mdataType file read: /home/rbarreror/projects/TurboPutative-web/src/TurboOmicsIntegrator/jobs/123456/EDA/xPreProcessing/mdataType.json
2023-10-11 20:16:14,859 - INFO - x file read: /home/rbarreror/projects/TurboPutative-web/src/TurboOmicsIntegrator/jobs/123456/EDA/xPreProcessing/xm_norm.json read
2023-10-11 20:16:14,864 - INFO - mdataType file read: /home/rbarreror/projects/TurboPutative-web/src/TurboOmicsIntegrator/jobs/123456/EDA/xPreProcessing/mdataType.json
2023-10-11 20:16:14,864 - INFO - Calculating PCA...
2023-10-11 20:16:14,907 - INFO - PCA results written
2023-10-11 20:16:14,907 - INFO - PCA completed
2023-10-11 20:16:14,907 - INFO - Calculating ANOVA and Tukey-HSD...
2023-10-11 20:16:14,913 - INFO - Calculating ANOVA: 1 - Seqn
2023-10-11 20:16:14,929 - ERROR - ANOVA error in (1, 'Seqn')
2023-10-11 20:16:14,929 - ERROR - r_matrix performs f_test for using dimensions that are asymptotically non-normal
2023-10-11 20:16:14,932 - INFO - Calculating ANOVA: 1 - ID
2023-10-11 20:16:14,941 - ERROR - ANOVA error in (1, 'ID')
2023-10-11 20:16:14,941 - ERROR - r_matrix performs f_test for using dimensions that are asymptotically non-normal
2023-10-11 20:16:14,945 - INFO - Calculating ANOVA: 1 - Group
2023-10-11 20:16:14,958 - INFO - Calculating Tukey-HSD: 1 - Group
2023-10-11 20:16:15,025 - INFO - Calculating ANOVA: 1 - Ig
2023-10-11 20:16:15,035 - INFO - Calculating ANOVA: 1 - Control
2023-10-11 20:16:15,045 - INFO - Calculating ANOVA: 1 - TMT
2023-10-11 20:16:15,054 - INFO - Calculating ANOVA: 1 - Tag
2023-10-11 20:16:15,062 - INFO - Calculating Tukey-HSD: 1 - Tag
2023-10-11 20:16:15,063 - ERROR - Tukey-HSD error in (1, 'Tag')
2023-10-11 20:16:15,063 - ERROR - Input sample size must be greater than one.
2023-10-11 20:16:15,065 - INFO - Calculating ANOVA: 1 - ID_metabo
2023-10-11 20:16:15,070 - ERROR - ANOVA error in (1, 'ID_metabo')
2023-10-11 20:16:15,070 - ERROR - r_matrix performs f_test for using dimensions that are asymptotically non-normal
2023-10-11 20:16:15,073 - INFO - Calculating ANOVA: 1 - Quant
2023-10-11 20:16:15,082 - INFO - Calculating ANOVA: 2 - Seqn
2023-10-11 20:16:15,088 - ERROR - ANOVA error in (2, 'Seqn')
2023-10-11 20:16:15,088 - ERROR - r_matrix performs f_test for using dimensions that are asymptotically non-normal
2023-10-11 20:16:15,091 - INFO - Calculating ANOVA: 2 - ID
2023-10-11 20:16:15,096 - ERROR - ANOVA error in (2, 'ID')
2023-10-11 20:16:15,096 - ERROR - r_matrix performs f_test for using dimensions that are asymptotically non-normal
2023-10-11 20:16:15,098 - INFO - Calculating ANOVA: 2 - Group
2023-10-11 20:16:15,105 - INFO - Calculating Tukey-HSD: 2 - Group
2023-10-11 20:16:15,171 - INFO - Calculating ANOVA: 2 - Ig
2023-10-11 20:16:15,186 - INFO - Calculating ANOVA: 2 - Control
2023-10-11 20:16:15,197 - INFO - Calculating ANOVA: 2 - TMT
2023-10-11 20:16:15,207 - INFO - Calculating ANOVA: 2 - Tag
2023-10-11 20:16:15,215 - INFO - Calculating Tukey-HSD: 2 - Tag
2023-10-11 20:16:15,218 - ERROR - Tukey-HSD error in (2, 'Tag')
2023-10-11 20:16:15,218 - ERROR - Input sample size must be greater than one.
2023-10-11 20:16:15,220 - INFO - Calculating ANOVA: 2 - ID_metabo
2023-10-11 20:16:15,228 - ERROR - ANOVA error in (2, 'ID_metabo')
2023-10-11 20:16:15,228 - ERROR - r_matrix performs f_test for using dimensions that are asymptotically non-normal
2023-10-11 20:16:15,231 - INFO - Calculating ANOVA: 2 - Quant
2023-10-11 20:16:15,243 - INFO - Calculating ANOVA: 3 - Seqn
2023-10-11 20:16:15,248 - ERROR - ANOVA error in (3, 'Seqn')
2023-10-11 20:16:15,249 - ERROR - r_matrix performs f_test for using dimensions that are asymptotically non-normal
2023-10-11 20:16:15,251 - INFO - Calculating ANOVA: 3 - ID
2023-10-11 20:16:15,256 - ERROR - ANOVA error in (3, 'ID')
2023-10-11 20:16:15,256 - ERROR - r_matrix performs f_test for using dimensions that are asymptotically non-normal
2023-10-11 20:16:15,259 - INFO - Calculating ANOVA: 3 - Group
2023-10-11 20:16:15,266 - INFO - Calculating Tukey-HSD: 3 - Group
2023-10-11 20:16:15,322 - INFO - Calculating ANOVA: 3 - Ig
2023-10-11 20:16:15,335 - INFO - Calculating ANOVA: 3 - Control
2023-10-11 20:16:15,351 - INFO - Calculating ANOVA: 3 - TMT
2023-10-11 20:16:15,363 - INFO - Calculating ANOVA: 3 - Tag
2023-10-11 20:16:15,374 - INFO - Calculating Tukey-HSD: 3 - Tag
2023-10-11 20:16:15,376 - ERROR - Tukey-HSD error in (3, 'Tag')
2023-10-11 20:16:15,376 - ERROR - Input sample size must be greater than one.
2023-10-11 20:16:15,379 - INFO - Calculating ANOVA: 3 - ID_metabo
2023-10-11 20:16:15,384 - ERROR - ANOVA error in (3, 'ID_metabo')
2023-10-11 20:16:15,384 - ERROR - r_matrix performs f_test for using dimensions that are asymptotically non-normal
2023-10-11 20:16:15,387 - INFO - Calculating ANOVA: 3 - Quant
2023-10-11 20:16:15,399 - INFO - Calculating ANOVA: 4 - Seqn
2023-10-11 20:16:15,405 - ERROR - ANOVA error in (4, 'Seqn')
2023-10-11 20:16:15,405 - ERROR - r_matrix performs f_test for using dimensions that are asymptotically non-normal
2023-10-11 20:16:15,408 - INFO - Calculating ANOVA: 4 - ID
2023-10-11 20:16:15,415 - ERROR - ANOVA error in (4, 'ID')
2023-10-11 20:16:15,415 - ERROR - r_matrix performs f_test for using dimensions that are asymptotically non-normal
2023-10-11 20:16:15,418 - INFO - Calculating ANOVA: 4 - Group
2023-10-11 20:16:15,429 - INFO - Calculating Tukey-HSD: 4 - Group
2023-10-11 20:16:15,503 - INFO - Calculating ANOVA: 4 - Ig
2023-10-11 20:16:15,517 - INFO - Calculating ANOVA: 4 - Control
2023-10-11 20:16:15,533 - INFO - Calculating ANOVA: 4 - TMT
2023-10-11 20:16:15,546 - INFO - Calculating ANOVA: 4 - Tag
2023-10-11 20:16:15,553 - INFO - Calculating Tukey-HSD: 4 - Tag
2023-10-11 20:16:15,556 - ERROR - Tukey-HSD error in (4, 'Tag')
2023-10-11 20:16:15,556 - ERROR - Input sample size must be greater than one.
2023-10-11 20:16:15,560 - INFO - Calculating ANOVA: 4 - ID_metabo
2023-10-11 20:16:15,568 - ERROR - ANOVA error in (4, 'ID_metabo')
2023-10-11 20:16:15,568 - ERROR - r_matrix performs f_test for using dimensions that are asymptotically non-normal
2023-10-11 20:16:15,572 - INFO - Calculating ANOVA: 4 - Quant
2023-10-11 20:16:15,582 - INFO - Calculating ANOVA: 5 - Seqn
2023-10-11 20:16:15,587 - ERROR - ANOVA error in (5, 'Seqn')
2023-10-11 20:16:15,588 - ERROR - r_matrix performs f_test for using dimensions that are asymptotically non-normal
2023-10-11 20:16:15,592 - INFO - Calculating ANOVA: 5 - ID
2023-10-11 20:16:15,597 - ERROR - ANOVA error in (5, 'ID')
2023-10-11 20:16:15,598 - ERROR - r_matrix performs f_test for using dimensions that are asymptotically non-normal
2023-10-11 20:16:15,600 - INFO - Calculating ANOVA: 5 - Group
2023-10-11 20:16:15,608 - INFO - Calculating Tukey-HSD: 5 - Group
2023-10-11 20:16:15,676 - INFO - Calculating ANOVA: 5 - Ig
2023-10-11 20:16:15,686 - INFO - Calculating ANOVA: 5 - Control
2023-10-11 20:16:15,696 - INFO - Calculating ANOVA: 5 - TMT
2023-10-11 20:16:15,705 - INFO - Calculating ANOVA: 5 - Tag
2023-10-11 20:16:15,713 - INFO - Calculating Tukey-HSD: 5 - Tag
2023-10-11 20:16:15,714 - ERROR - Tukey-HSD error in (5, 'Tag')
2023-10-11 20:16:15,714 - ERROR - Input sample size must be greater than one.
2023-10-11 20:16:15,717 - INFO - Calculating ANOVA: 5 - ID_metabo
2023-10-11 20:16:15,721 - ERROR - ANOVA error in (5, 'ID_metabo')
2023-10-11 20:16:15,722 - ERROR - r_matrix performs f_test for using dimensions that are asymptotically non-normal
2023-10-11 20:16:15,725 - INFO - Calculating ANOVA: 5 - Quant
2023-10-11 20:16:15,734 - INFO - Calculating ANOVA: 6 - Seqn
2023-10-11 20:16:15,740 - ERROR - ANOVA error in (6, 'Seqn')
2023-10-11 20:16:15,740 - ERROR - r_matrix performs f_test for using dimensions that are asymptotically non-normal
2023-10-11 20:16:15,742 - INFO - Calculating ANOVA: 6 - ID
2023-10-11 20:16:15,747 - ERROR - ANOVA error in (6, 'ID')
2023-10-11 20:16:15,748 - ERROR - r_matrix performs f_test for using dimensions that are asymptotically non-normal
2023-10-11 20:16:15,750 - INFO - Calculating ANOVA: 6 - Group
2023-10-11 20:16:15,757 - INFO - Calculating Tukey-HSD: 6 - Group
2023-10-11 20:16:15,817 - INFO - Calculating ANOVA: 6 - Ig
2023-10-11 20:16:15,827 - INFO - Calculating ANOVA: 6 - Control
2023-10-11 20:16:15,837 - INFO - Calculating ANOVA: 6 - TMT
2023-10-11 20:16:15,849 - INFO - Calculating ANOVA: 6 - Tag
2023-10-11 20:16:15,857 - INFO - Calculating Tukey-HSD: 6 - Tag
2023-10-11 20:16:15,859 - ERROR - Tukey-HSD error in (6, 'Tag')
2023-10-11 20:16:15,859 - ERROR - Input sample size must be greater than one.
2023-10-11 20:16:15,863 - INFO - Calculating ANOVA: 6 - ID_metabo
2023-10-11 20:16:15,869 - ERROR - ANOVA error in (6, 'ID_metabo')
2023-10-11 20:16:15,869 - ERROR - r_matrix performs f_test for using dimensions that are asymptotically non-normal
2023-10-11 20:16:15,871 - INFO - Calculating ANOVA: 6 - Quant
2023-10-11 20:16:15,881 - INFO - Calculating ANOVA: 7 - Seqn
2023-10-11 20:16:15,886 - ERROR - ANOVA error in (7, 'Seqn')
2023-10-11 20:16:15,886 - ERROR - r_matrix performs f_test for using dimensions that are asymptotically non-normal
2023-10-11 20:16:15,888 - INFO - Calculating ANOVA: 7 - ID
2023-10-11 20:16:15,894 - ERROR - ANOVA error in (7, 'ID')
2023-10-11 20:16:15,894 - ERROR - r_matrix performs f_test for using dimensions that are asymptotically non-normal
2023-10-11 20:16:15,896 - INFO - Calculating ANOVA: 7 - Group
2023-10-11 20:16:15,904 - INFO - Calculating Tukey-HSD: 7 - Group
2023-10-11 20:16:15,951 - INFO - Calculating ANOVA: 7 - Ig
2023-10-11 20:16:15,961 - INFO - Calculating ANOVA: 7 - Control
2023-10-11 20:16:15,970 - INFO - Calculating ANOVA: 7 - TMT
2023-10-11 20:16:15,981 - INFO - Calculating ANOVA: 7 - Tag
2023-10-11 20:16:15,988 - INFO - Calculating Tukey-HSD: 7 - Tag
2023-10-11 20:16:15,990 - ERROR - Tukey-HSD error in (7, 'Tag')
2023-10-11 20:16:15,990 - ERROR - Input sample size must be greater than one.
2023-10-11 20:16:15,994 - INFO - Calculating ANOVA: 7 - ID_metabo
2023-10-11 20:16:15,999 - ERROR - ANOVA error in (7, 'ID_metabo')
2023-10-11 20:16:15,999 - ERROR - r_matrix performs f_test for using dimensions that are asymptotically non-normal
2023-10-11 20:16:16,001 - INFO - Calculating ANOVA: 7 - Quant
2023-10-11 20:16:16,012 - INFO - Calculating ANOVA: 8 - Seqn
2023-10-11 20:16:16,017 - ERROR - ANOVA error in (8, 'Seqn')
2023-10-11 20:16:16,017 - ERROR - r_matrix performs f_test for using dimensions that are asymptotically non-normal
2023-10-11 20:16:16,019 - INFO - Calculating ANOVA: 8 - ID
2023-10-11 20:16:16,026 - ERROR - ANOVA error in (8, 'ID')
2023-10-11 20:16:16,026 - ERROR - r_matrix performs f_test for using dimensions that are asymptotically non-normal
2023-10-11 20:16:16,028 - INFO - Calculating ANOVA: 8 - Group
2023-10-11 20:16:16,036 - INFO - Calculating Tukey-HSD: 8 - Group
2023-10-11 20:16:16,083 - INFO - Calculating ANOVA: 8 - Ig
2023-10-11 20:16:16,093 - INFO - Calculating ANOVA: 8 - Control
2023-10-11 20:16:16,102 - INFO - Calculating ANOVA: 8 - TMT
2023-10-11 20:16:16,111 - INFO - Calculating ANOVA: 8 - Tag
2023-10-11 20:16:16,118 - INFO - Calculating Tukey-HSD: 8 - Tag
2023-10-11 20:16:16,120 - ERROR - Tukey-HSD error in (8, 'Tag')
2023-10-11 20:16:16,120 - ERROR - Input sample size must be greater than one.
2023-10-11 20:16:16,123 - INFO - Calculating ANOVA: 8 - ID_metabo
2023-10-11 20:16:16,128 - ERROR - ANOVA error in (8, 'ID_metabo')
2023-10-11 20:16:16,128 - ERROR - r_matrix performs f_test for using dimensions that are asymptotically non-normal
2023-10-11 20:16:16,131 - INFO - Calculating ANOVA: 8 - Quant
2023-10-11 20:16:16,141 - INFO - Calculating ANOVA: 9 - Seqn
2023-10-11 20:16:16,147 - ERROR - ANOVA error in (9, 'Seqn')
2023-10-11 20:16:16,147 - ERROR - r_matrix performs f_test for using dimensions that are asymptotically non-normal
2023-10-11 20:16:16,150 - INFO - Calculating ANOVA: 9 - ID
2023-10-11 20:16:16,155 - ERROR - ANOVA error in (9, 'ID')
2023-10-11 20:16:16,156 - ERROR - r_matrix performs f_test for using dimensions that are asymptotically non-normal
2023-10-11 20:16:16,158 - INFO - Calculating ANOVA: 9 - Group
2023-10-11 20:16:16,166 - INFO - Calculating Tukey-HSD: 9 - Group
2023-10-11 20:16:16,225 - INFO - Calculating ANOVA: 9 - Ig
2023-10-11 20:16:16,237 - INFO - Calculating ANOVA: 9 - Control
2023-10-11 20:16:16,252 - INFO - Calculating ANOVA: 9 - TMT
2023-10-11 20:16:16,261 - INFO - Calculating ANOVA: 9 - Tag
2023-10-11 20:16:16,269 - INFO - Calculating Tukey-HSD: 9 - Tag
2023-10-11 20:16:16,270 - ERROR - Tukey-HSD error in (9, 'Tag')
2023-10-11 20:16:16,270 - ERROR - Input sample size must be greater than one.
2023-10-11 20:16:16,272 - INFO - Calculating ANOVA: 9 - ID_metabo
2023-10-11 20:16:16,278 - ERROR - ANOVA error in (9, 'ID_metabo')
2023-10-11 20:16:16,278 - ERROR - r_matrix performs f_test for using dimensions that are asymptotically non-normal
2023-10-11 20:16:16,280 - INFO - Calculating ANOVA: 9 - Quant
2023-10-11 20:16:16,291 - INFO - Calculating ANOVA: 10 - Seqn
2023-10-11 20:16:16,297 - ERROR - ANOVA error in (10, 'Seqn')
2023-10-11 20:16:16,297 - ERROR - r_matrix performs f_test for using dimensions that are asymptotically non-normal
2023-10-11 20:16:16,300 - INFO - Calculating ANOVA: 10 - ID
2023-10-11 20:16:16,304 - ERROR - ANOVA error in (10, 'ID')
2023-10-11 20:16:16,305 - ERROR - r_matrix performs f_test for using dimensions that are asymptotically non-normal
2023-10-11 20:16:16,307 - INFO - Calculating ANOVA: 10 - Group
2023-10-11 20:16:16,315 - INFO - Calculating Tukey-HSD: 10 - Group
2023-10-11 20:16:16,364 - INFO - Calculating ANOVA: 10 - Ig
2023-10-11 20:16:16,377 - INFO - Calculating ANOVA: 10 - Control
2023-10-11 20:16:16,389 - INFO - Calculating ANOVA: 10 - TMT
2023-10-11 20:16:16,401 - INFO - Calculating ANOVA: 10 - Tag
2023-10-11 20:16:16,411 - INFO - Calculating Tukey-HSD: 10 - Tag
2023-10-11 20:16:16,412 - ERROR - Tukey-HSD error in (10, 'Tag')
2023-10-11 20:16:16,412 - ERROR - Input sample size must be greater than one.
2023-10-11 20:16:16,415 - INFO - Calculating ANOVA: 10 - ID_metabo
2023-10-11 20:16:16,420 - ERROR - ANOVA error in (10, 'ID_metabo')
2023-10-11 20:16:16,420 - ERROR - r_matrix performs f_test for using dimensions that are asymptotically non-normal
2023-10-11 20:16:16,424 - INFO - Calculating ANOVA: 10 - Quant
2023-10-11 20:16:16,434 - INFO - ANOVA and Tukey-HSD completed
2023-10-11 20:16:16,435 - INFO - End main
